[18-Dec-2020 13:22:15 +0100]: <e31cb130> In migration: 0000-dbinit
[18-Dec-2020 13:22:15 +0100]: <e31cb130> Found 7 matches
[18-Dec-2020 13:22:15 +0100]: <e31cb130> In migration: 0000-sample
[18-Dec-2020 13:22:15 +0100]: <e31cb130> Found 1 matches
[18-Dec-2020 13:22:15 +0100]: <e31cb130> In migration: 0001-categories
[18-Dec-2020 13:22:15 +0100]: <e31cb130> Found 1 matches
[18-Dec-2020 13:22:15 +0100]: <e31cb130> In migration: 0002-increasetextfieldlengths
[18-Dec-2020 13:22:15 +0100]: <e31cb130> Found 7 matches
[18-Dec-2020 13:22:15 +0100]: <e31cb130> In migration: 0003-fixtimestampdefaultvalue
[18-Dec-2020 13:22:15 +0100]: <e31cb130> Found 1 matches
[18-Dec-2020 13:22:15 +0100]: <e31cb130> In migration: 0004-fixtimestampdefaultvalue
[18-Dec-2020 13:22:15 +0100]: <e31cb130> Found 1 matches
[18-Dec-2020 13:22:15 +0100]: <e31cb130> In migration: 0005-changemysqlut8toutf8mb4
[18-Dec-2020 13:22:15 +0100]: <e31cb130> Found 1 matches
[09-Jan-2021 11:49:05 +0100]: <e2fd7982> In migration: 0000-dbinit
[09-Jan-2021 11:49:05 +0100]: <e2fd7982> Found 7 matches
[09-Jan-2021 11:49:05 +0100]: <e2fd7982> In migration: 0000-sample
[09-Jan-2021 11:49:05 +0100]: <e2fd7982> Found 1 matches
[09-Jan-2021 11:49:05 +0100]: <e2fd7982> In migration: 0001-categories
[09-Jan-2021 11:49:05 +0100]: <e2fd7982> Found 1 matches
[09-Jan-2021 11:49:05 +0100]: <e2fd7982> In migration: 0002-increasetextfieldlengths
[09-Jan-2021 11:49:05 +0100]: <e2fd7982> Found 7 matches
[09-Jan-2021 11:49:05 +0100]: <e2fd7982> In migration: 0003-fixtimestampdefaultvalue
[09-Jan-2021 11:49:05 +0100]: <e2fd7982> Found 1 matches
[09-Jan-2021 11:49:05 +0100]: <e2fd7982> In migration: 0004-fixtimestampdefaultvalue
[09-Jan-2021 11:49:05 +0100]: <e2fd7982> Found 1 matches
[09-Jan-2021 11:49:05 +0100]: <e2fd7982> In migration: 0005-changemysqlut8toutf8mb4
[09-Jan-2021 11:49:05 +0100]: <e2fd7982> Found 1 matches
[09-Jan-2021 11:56:35 +0100]: <948bf573> In migration: 0000-dbinit
[09-Jan-2021 11:56:35 +0100]: <948bf573> Found 7 matches
[09-Jan-2021 11:56:35 +0100]: <948bf573> In migration: 0000-sample
[09-Jan-2021 11:56:35 +0100]: <948bf573> Found 1 matches
[09-Jan-2021 11:56:35 +0100]: <948bf573> In migration: 0001-categories
[09-Jan-2021 11:56:35 +0100]: <948bf573> Found 1 matches
[09-Jan-2021 11:56:35 +0100]: <948bf573> In migration: 0002-increasetextfieldlengths
[09-Jan-2021 11:56:35 +0100]: <948bf573> Found 7 matches
[09-Jan-2021 11:56:35 +0100]: <948bf573> In migration: 0003-fixtimestampdefaultvalue
[09-Jan-2021 11:56:35 +0100]: <948bf573> Found 1 matches
[09-Jan-2021 11:56:35 +0100]: <948bf573> In migration: 0004-fixtimestampdefaultvalue
[09-Jan-2021 11:56:35 +0100]: <948bf573> Found 1 matches
[09-Jan-2021 11:56:35 +0100]: <948bf573> In migration: 0005-changemysqlut8toutf8mb4
[09-Jan-2021 11:56:35 +0100]: <948bf573> Found 1 matches
